2024-07-24 12:27:06,461 :: Connection to MongoDB Local
2024-07-24 12:27:06,480 :: {"clientId": {"$oid": "66a1558af480839a52e0bf71"}, "message": "Connection pool created", "serverHost": "localhost", "serverPort": 27017}
2024-07-24 12:27:06,505 :: {"clientId": {"$oid": "66a1558af480839a52e0bf71"}, "message": "Connection pool ready", "serverHost": "localhost", "serverPort": 27017}
2024-07-24 12:27:13,366 :: List of Database in MongoDB
2024-07-24 12:27:17,844 :: {"message": "Server selection started", "selector": "Primary()", "operation": "listDatabases", "topologyDescription": "<TopologyDescription id: 66a1558af480839a52e0bf71, topology_type: Single, servers: [<ServerDescription ('localhost', 27017) server_type: Standalone, rtt: 0.012800000049173832>]>", "clientId": {"$oid": "66a1558af480839a52e0bf71"}}
2024-07-24 12:27:17,852 :: {"message": "Server selection succeeded", "selector": "Primary()", "operation": "listDatabases", "topologyDescription": "<TopologyDescription id: 66a1558af480839a52e0bf71, topology_type: Single, servers: [<ServerDescription ('localhost', 27017) server_type: Standalone, rtt: 0.012800000049173832>]>", "clientId": {"$oid": "66a1558af480839a52e0bf71"}, "serverHost": "localhost", "serverPort": 27017}
2024-07-24 12:27:17,853 :: {"clientId": {"$oid": "66a1558af480839a52e0bf71"}, "message": "Connection checkout started", "serverHost": "localhost", "serverPort": 27017}
2024-07-24 12:27:17,855 :: {"clientId": {"$oid": "66a1558af480839a52e0bf71"}, "message": "Connection created", "serverHost": "localhost", "serverPort": 27017, "driverConnectionId": 1}
2024-07-24 12:27:17,859 :: {"clientId": {"$oid": "66a1558af480839a52e0bf71"}, "message": "Connection ready", "serverHost": "localhost", "serverPort": 27017, "driverConnectionId": 1, "durationMS": 0.0}
2024-07-24 12:27:17,859 :: {"clientId": {"$oid": "66a1558af480839a52e0bf71"}, "message": "Connection checked out", "serverHost": "localhost", "serverPort": 27017, "driverConnectionId": 1, "durationMS": 0.0}
2024-07-24 12:27:17,862 :: {"clientId": {"$oid": "66a1558af480839a52e0bf71"}, "message": "Command started", "command": "{\"listDatabases\": 1, \"nameOnly\": true, \"lsid\": {\"id\": {\"$binary\": {\"base64\": \"WTU/56sSQwKhuhyuLrohLw==\", \"subType\": \"04\"}}}, \"$db\": \"admin\"}", "commandName": "listDatabases", "databaseName": "admin", "requestId": 18467, "operationId": 18467, "driverConnectionId": 1, "serverConnectionId": 109, "serverHost": "localhost", "serverPort": 27017}
2024-07-24 12:27:17,868 :: {"clientId": {"$oid": "66a1558af480839a52e0bf71"}, "message": "Command succeeded", "durationMS": 5.5760000000000005, "reply": "{\"databases\": [{\"name\": \"admin\"}, {\"name\": \"config\"}, {\"name\": \"local\"}, {\"name\": \"myfirstdb\"}], \"ok\": 1.0}", "commandName": "listDatabases", "databaseName": "admin", "requestId": 18467, "operationId": 18467, "driverConnectionId": 1, "serverConnectionId": 109, "serverHost": "localhost", "serverPort": 27017}
2024-07-24 12:27:17,870 :: {"clientId": {"$oid": "66a1558af480839a52e0bf71"}, "message": "Connection checked in", "serverHost": "localhost", "serverPort": 27017, "driverConnectionId": 1}
2024-07-24 12:27:22,268 :: Create Store Database into MongoDB
2024-07-24 12:27:27,488 :: List of Collection in Store Database
2024-07-24 12:27:28,183 :: {"message": "Server selection started", "selector": "Primary()", "operation": "listCollections", "topologyDescription": "<TopologyDescription id: 66a1558af480839a52e0bf71, topology_type: Single, servers: [<ServerDescription ('localhost', 27017) server_type: Standalone, rtt: 0.010240000039339066>]>", "clientId": {"$oid": "66a1558af480839a52e0bf71"}}
2024-07-24 12:27:28,184 :: {"message": "Server selection succeeded", "selector": "Primary()", "operation": "listCollections", "topologyDescription": "<TopologyDescription id: 66a1558af480839a52e0bf71, topology_type: Single, servers: [<ServerDescription ('localhost', 27017) server_type: Standalone, rtt: 0.010240000039339066>]>", "clientId": {"$oid": "66a1558af480839a52e0bf71"}, "serverHost": "localhost", "serverPort": 27017}
2024-07-24 12:27:28,185 :: {"clientId": {"$oid": "66a1558af480839a52e0bf71"}, "message": "Connection checkout started", "serverHost": "localhost", "serverPort": 27017}
2024-07-24 12:27:28,185 :: {"clientId": {"$oid": "66a1558af480839a52e0bf71"}, "message": "Connection checked out", "serverHost": "localhost", "serverPort": 27017, "driverConnectionId": 1, "durationMS": 0.0}
2024-07-24 12:27:28,187 :: {"clientId": {"$oid": "66a1558af480839a52e0bf71"}, "message": "Command started", "command": "{\"listCollections\": 1, \"nameOnly\": true, \"lsid\": {\"id\": {\"$binary\": {\"base64\": \"WTU/56sSQwKhuhyuLrohLw==\", \"subType\": \"04\"}}}, \"$db\": \"store\"}", "commandName": "listCollections", "databaseName": "store", "requestId": 6334, "operationId": 6334, "driverConnectionId": 1, "serverConnectionId": 109, "serverHost": "localhost", "serverPort": 27017}
2024-07-24 12:27:28,190 :: {"clientId": {"$oid": "66a1558af480839a52e0bf71"}, "message": "Command succeeded", "durationMS": 3.955, "reply": "{\"cursor\": {\"ns\": \"store.$cmd.listCollections\"}, \"ok\": 1.0}", "commandName": "listCollections", "databaseName": "store", "requestId": 6334, "operationId": 6334, "driverConnectionId": 1, "serverConnectionId": 109, "serverHost": "localhost", "serverPort": 27017}
2024-07-24 12:27:28,191 :: {"clientId": {"$oid": "66a1558af480839a52e0bf71"}, "message": "Connection checked in", "serverHost": "localhost", "serverPort": 27017, "driverConnectionId": 1}
2024-07-24 12:27:37,956 :: Create Persons Collection into Store Database
2024-07-24 12:29:46,288 :: Connection to MongoDB Local
2024-07-24 12:29:46,312 :: {"clientId": {"$oid": "66a1562a5f1be8ccd798815c"}, "message": "Connection pool created", "serverHost": "localhost", "serverPort": 27017}
2024-07-24 12:29:46,324 :: List of Database in MongoDB
2024-07-24 12:29:46,327 :: {"message": "Server selection started", "selector": "Primary()", "operation": "listDatabases", "topologyDescription": "<TopologyDescription id: 66a1562a5f1be8ccd798815c, topology_type: Unknown, servers: [<ServerDescription ('localhost', 27017) server_type: Unknown, rtt: None>]>", "clientId": {"$oid": "66a1562a5f1be8ccd798815c"}}
2024-07-24 12:29:46,328 :: {"message": "Waiting for suitable server to become available", "selector": "Primary()", "operation": "listDatabases", "topologyDescription": "<TopologyDescription id: 66a1562a5f1be8ccd798815c, topology_type: Unknown, servers: [<ServerDescription ('localhost', 27017) server_type: Unknown, rtt: None>]>", "clientId": {"$oid": "66a1562a5f1be8ccd798815c"}, "remainingTimeMS": 30}
2024-07-24 12:29:46,341 :: {"clientId": {"$oid": "66a1562a5f1be8ccd798815c"}, "message": "Connection pool ready", "serverHost": "localhost", "serverPort": 27017}
2024-07-24 12:29:46,342 :: {"message": "Server selection succeeded", "selector": "Primary()", "operation": "listDatabases", "topologyDescription": "<TopologyDescription id: 66a1562a5f1be8ccd798815c, topology_type: Single, servers: [<ServerDescription ('localhost', 27017) server_type: Standalone, rtt: 0.0>]>", "clientId": {"$oid": "66a1562a5f1be8ccd798815c"}, "serverHost": "localhost", "serverPort": 27017}
2024-07-24 12:29:46,343 :: {"clientId": {"$oid": "66a1562a5f1be8ccd798815c"}, "message": "Connection checkout started", "serverHost": "localhost", "serverPort": 27017}
2024-07-24 12:29:46,343 :: {"clientId": {"$oid": "66a1562a5f1be8ccd798815c"}, "message": "Connection created", "serverHost": "localhost", "serverPort": 27017, "driverConnectionId": 1}
2024-07-24 12:29:46,348 :: {"clientId": {"$oid": "66a1562a5f1be8ccd798815c"}, "message": "Connection ready", "serverHost": "localhost", "serverPort": 27017, "driverConnectionId": 1, "durationMS": 0.0}
2024-07-24 12:29:46,348 :: {"clientId": {"$oid": "66a1562a5f1be8ccd798815c"}, "message": "Connection checked out", "serverHost": "localhost", "serverPort": 27017, "driverConnectionId": 1, "durationMS": 0.01500000013038516}
2024-07-24 12:29:46,349 :: {"clientId": {"$oid": "66a1562a5f1be8ccd798815c"}, "message": "Command started", "command": "{\"listDatabases\": 1, \"nameOnly\": true, \"lsid\": {\"id\": {\"$binary\": {\"base64\": \"o17MoN/fRwCKhCCViqK0qw==\", \"subType\": \"04\"}}}, \"$db\": \"admin\"}", "commandName": "listDatabases", "databaseName": "admin", "requestId": 18467, "operationId": 18467, "driverConnectionId": 1, "serverConnectionId": 116, "serverHost": "localhost", "serverPort": 27017}
2024-07-24 12:29:46,352 :: {"clientId": {"$oid": "66a1562a5f1be8ccd798815c"}, "message": "Command succeeded", "durationMS": 3.241, "reply": "{\"databases\": [{\"name\": \"admin\"}, {\"name\": \"config\"}, {\"name\": \"local\"}, {\"name\": \"myfirstdb\"}], \"ok\": 1.0}", "commandName": "listDatabases", "databaseName": "admin", "requestId": 18467, "operationId": 18467, "driverConnectionId": 1, "serverConnectionId": 116, "serverHost": "localhost", "serverPort": 27017}
2024-07-24 12:29:46,353 :: {"clientId": {"$oid": "66a1562a5f1be8ccd798815c"}, "message": "Connection checked in", "serverHost": "localhost", "serverPort": 27017, "driverConnectionId": 1}
2024-07-24 12:29:46,354 :: Create Store Database into MongoDB
2024-07-24 12:29:46,354 :: List of Collection in Store Database
2024-07-24 12:29:46,355 :: {"message": "Server selection started", "selector": "Primary()", "operation": "listCollections", "topologyDescription": "<TopologyDescription id: 66a1562a5f1be8ccd798815c, topology_type: Single, servers: [<ServerDescription ('localhost', 27017) server_type: Standalone, rtt: 0.0>]>", "clientId": {"$oid": "66a1562a5f1be8ccd798815c"}}
2024-07-24 12:29:46,355 :: {"message": "Server selection succeeded", "selector": "Primary()", "operation": "listCollections", "topologyDescription": "<TopologyDescription id: 66a1562a5f1be8ccd798815c, topology_type: Single, servers: [<ServerDescription ('localhost', 27017) server_type: Standalone, rtt: 0.0>]>", "clientId": {"$oid": "66a1562a5f1be8ccd798815c"}, "serverHost": "localhost", "serverPort": 27017}
2024-07-24 12:29:46,355 :: {"clientId": {"$oid": "66a1562a5f1be8ccd798815c"}, "message": "Connection checkout started", "serverHost": "localhost", "serverPort": 27017}
2024-07-24 12:29:46,356 :: {"clientId": {"$oid": "66a1562a5f1be8ccd798815c"}, "message": "Connection checked out", "serverHost": "localhost", "serverPort": 27017, "driverConnectionId": 1, "durationMS": 0.0}
2024-07-24 12:29:46,356 :: {"clientId": {"$oid": "66a1562a5f1be8ccd798815c"}, "message": "Command started", "command": "{\"listCollections\": 1, \"nameOnly\": true, \"lsid\": {\"id\": {\"$binary\": {\"base64\": \"o17MoN/fRwCKhCCViqK0qw==\", \"subType\": \"04\"}}}, \"$db\": \"store\"}", "commandName": "listCollections", "databaseName": "store", "requestId": 6334, "operationId": 6334, "driverConnectionId": 1, "serverConnectionId": 116, "serverHost": "localhost", "serverPort": 27017}
2024-07-24 12:29:46,357 :: {"clientId": {"$oid": "66a1562a5f1be8ccd798815c"}, "message": "Command succeeded", "durationMS": 0.99, "reply": "{\"cursor\": {\"ns\": \"store.$cmd.listCollections\"}, \"ok\": 1.0}", "commandName": "listCollections", "databaseName": "store", "requestId": 6334, "operationId": 6334, "driverConnectionId": 1, "serverConnectionId": 116, "serverHost": "localhost", "serverPort": 27017}
2024-07-24 12:29:46,358 :: {"clientId": {"$oid": "66a1562a5f1be8ccd798815c"}, "message": "Connection checked in", "serverHost": "localhost", "serverPort": 27017, "driverConnectionId": 1}
2024-07-24 12:29:46,358 :: Create Persons Collection into Store Database
2024-07-24 12:31:27,706 :: Connection to MongoDB Local
2024-07-24 12:31:27,716 :: {"clientId": {"$oid": "66a1568fea637baa7d3b23c2"}, "message": "Connection pool created", "serverHost": "localhost", "serverPort": 27017}
2024-07-24 12:31:27,722 :: List of Database in MongoDB
2024-07-24 12:31:27,724 :: {"message": "Server selection started", "selector": "Primary()", "operation": "listDatabases", "topologyDescription": "<TopologyDescription id: 66a1568fea637baa7d3b23c2, topology_type: Unknown, servers: [<ServerDescription ('localhost', 27017) server_type: Unknown, rtt: None>]>", "clientId": {"$oid": "66a1568fea637baa7d3b23c2"}}
2024-07-24 12:31:27,724 :: {"message": "Waiting for suitable server to become available", "selector": "Primary()", "operation": "listDatabases", "topologyDescription": "<TopologyDescription id: 66a1568fea637baa7d3b23c2, topology_type: Unknown, servers: [<ServerDescription ('localhost', 27017) server_type: Unknown, rtt: None>]>", "clientId": {"$oid": "66a1568fea637baa7d3b23c2"}, "remainingTimeMS": 30}
2024-07-24 12:31:27,732 :: {"clientId": {"$oid": "66a1568fea637baa7d3b23c2"}, "message": "Connection pool ready", "serverHost": "localhost", "serverPort": 27017}
2024-07-24 12:31:27,734 :: {"message": "Server selection succeeded", "selector": "Primary()", "operation": "listDatabases", "topologyDescription": "<TopologyDescription id: 66a1568fea637baa7d3b23c2, topology_type: Single, servers: [<ServerDescription ('localhost', 27017) server_type: Standalone, rtt: 0.0>]>", "clientId": {"$oid": "66a1568fea637baa7d3b23c2"}, "serverHost": "localhost", "serverPort": 27017}
2024-07-24 12:31:27,734 :: {"clientId": {"$oid": "66a1568fea637baa7d3b23c2"}, "message": "Connection checkout started", "serverHost": "localhost", "serverPort": 27017}
2024-07-24 12:31:27,735 :: {"clientId": {"$oid": "66a1568fea637baa7d3b23c2"}, "message": "Connection created", "serverHost": "localhost", "serverPort": 27017, "driverConnectionId": 1}
2024-07-24 12:31:27,740 :: {"clientId": {"$oid": "66a1568fea637baa7d3b23c2"}, "message": "Connection ready", "serverHost": "localhost", "serverPort": 27017, "driverConnectionId": 1, "durationMS": 0.0}
2024-07-24 12:31:27,740 :: {"clientId": {"$oid": "66a1568fea637baa7d3b23c2"}, "message": "Connection checked out", "serverHost": "localhost", "serverPort": 27017, "driverConnectionId": 1, "durationMS": 0.015999999828636646}
2024-07-24 12:31:27,741 :: {"clientId": {"$oid": "66a1568fea637baa7d3b23c2"}, "message": "Command started", "command": "{\"listDatabases\": 1, \"nameOnly\": true, \"lsid\": {\"id\": {\"$binary\": {\"base64\": \"vWFC7wLwS7iuYOj7bm62JQ==\", \"subType\": \"04\"}}}, \"$db\": \"admin\"}", "commandName": "listDatabases", "databaseName": "admin", "requestId": 18467, "operationId": 18467, "driverConnectionId": 1, "serverConnectionId": 119, "serverHost": "localhost", "serverPort": 27017}
2024-07-24 12:31:27,743 :: {"clientId": {"$oid": "66a1568fea637baa7d3b23c2"}, "message": "Command succeeded", "durationMS": 2.2889999999999997, "reply": "{\"databases\": [{\"name\": \"admin\"}, {\"name\": \"config\"}, {\"name\": \"local\"}, {\"name\": \"myfirstdb\"}], \"ok\": 1.0}", "commandName": "listDatabases", "databaseName": "admin", "requestId": 18467, "operationId": 18467, "driverConnectionId": 1, "serverConnectionId": 119, "serverHost": "localhost", "serverPort": 27017}
2024-07-24 12:31:27,744 :: {"clientId": {"$oid": "66a1568fea637baa7d3b23c2"}, "message": "Connection checked in", "serverHost": "localhost", "serverPort": 27017, "driverConnectionId": 1}
2024-07-24 12:31:27,744 :: Create Store Database into MongoDB
2024-07-24 12:31:27,744 :: List of Collection in Store Database
2024-07-24 12:31:27,744 :: {"message": "Server selection started", "selector": "Primary()", "operation": "listCollections", "topologyDescription": "<TopologyDescription id: 66a1568fea637baa7d3b23c2, topology_type: Single, servers: [<ServerDescription ('localhost', 27017) server_type: Standalone, rtt: 0.0>]>", "clientId": {"$oid": "66a1568fea637baa7d3b23c2"}}
2024-07-24 12:31:27,746 :: {"message": "Server selection succeeded", "selector": "Primary()", "operation": "listCollections", "topologyDescription": "<TopologyDescription id: 66a1568fea637baa7d3b23c2, topology_type: Single, servers: [<ServerDescription ('localhost', 27017) server_type: Standalone, rtt: 0.0>]>", "clientId": {"$oid": "66a1568fea637baa7d3b23c2"}, "serverHost": "localhost", "serverPort": 27017}
2024-07-24 12:31:27,746 :: {"clientId": {"$oid": "66a1568fea637baa7d3b23c2"}, "message": "Connection checkout started", "serverHost": "localhost", "serverPort": 27017}
2024-07-24 12:31:27,746 :: {"clientId": {"$oid": "66a1568fea637baa7d3b23c2"}, "message": "Connection checked out", "serverHost": "localhost", "serverPort": 27017, "driverConnectionId": 1, "durationMS": 0.0}
2024-07-24 12:31:27,746 :: {"clientId": {"$oid": "66a1568fea637baa7d3b23c2"}, "message": "Command started", "command": "{\"listCollections\": 1, \"nameOnly\": true, \"lsid\": {\"id\": {\"$binary\": {\"base64\": \"vWFC7wLwS7iuYOj7bm62JQ==\", \"subType\": \"04\"}}}, \"$db\": \"store\"}", "commandName": "listCollections", "databaseName": "store", "requestId": 6334, "operationId": 6334, "driverConnectionId": 1, "serverConnectionId": 119, "serverHost": "localhost", "serverPort": 27017}
2024-07-24 12:31:27,748 :: {"clientId": {"$oid": "66a1568fea637baa7d3b23c2"}, "message": "Command succeeded", "durationMS": 1.0050000000000001, "reply": "{\"cursor\": {\"ns\": \"store.$cmd.listCollections\"}, \"ok\": 1.0}", "commandName": "listCollections", "databaseName": "store", "requestId": 6334, "operationId": 6334, "driverConnectionId": 1, "serverConnectionId": 119, "serverHost": "localhost", "serverPort": 27017}
2024-07-24 12:31:27,749 :: {"clientId": {"$oid": "66a1568fea637baa7d3b23c2"}, "message": "Connection checked in", "serverHost": "localhost", "serverPort": 27017, "driverConnectionId": 1}
2024-07-24 12:31:27,749 :: Create Persons Collection into Store Database
2024-07-24 12:31:41,259 :: Add a Person Collection into Persons Collection
2024-07-24 12:31:43,124 :: {"message": "Server selection started", "selector": "<function writable_server_selector at 0x000001EF22A27D80>", "operation": "insert", "topologyDescription": "<TopologyDescription id: 66a1568fea637baa7d3b23c2, topology_type: Single, servers: [<ServerDescription ('localhost', 27017) server_type: Standalone, rtt: 0.0>]>", "clientId": {"$oid": "66a1568fea637baa7d3b23c2"}}
2024-07-24 12:31:43,126 :: {"message": "Server selection succeeded", "selector": "<function writable_server_selector at 0x000001EF22A27D80>", "operation": "insert", "topologyDescription": "<TopologyDescription id: 66a1568fea637baa7d3b23c2, topology_type: Single, servers: [<ServerDescription ('localhost', 27017) server_type: Standalone, rtt: 0.0>]>", "clientId": {"$oid": "66a1568fea637baa7d3b23c2"}, "serverHost": "localhost", "serverPort": 27017}
2024-07-24 12:31:43,127 :: {"clientId": {"$oid": "66a1568fea637baa7d3b23c2"}, "message": "Connection checkout started", "serverHost": "localhost", "serverPort": 27017}
2024-07-24 12:31:43,129 :: {"clientId": {"$oid": "66a1568fea637baa7d3b23c2"}, "message": "Connection checked out", "serverHost": "localhost", "serverPort": 27017, "driverConnectionId": 1, "durationMS": 0.0}
2024-07-24 12:31:43,130 :: {"clientId": {"$oid": "66a1568fea637baa7d3b23c2"}, "message": "Command started", "command": "{\"insert\": \"persons\", \"ordered\": true, \"lsid\": {\"id\": {\"$binary\": {\"base64\": \"vWFC7wLwS7iuYOj7bm62JQ==\", \"subType\": \"04\"}}}, \"$db\": \"store\", \"documents\": [{\"Name\": \"Bob Saga\", \"Age\": 1, \"_id\": {\"$oid\": \"66a1569fea637baa7d3b23c3\"}}]}", "commandName": "insert", "databaseName": "store", "requestId": 26500, "operationId": 26500, "driverConnectionId": 1, "serverConnectionId": 119, "serverHost": "localhost", "serverPort": 27017}
2024-07-24 12:31:43,154 :: {"clientId": {"$oid": "66a1568fea637baa7d3b23c2"}, "message": "Command succeeded", "durationMS": 23.652, "reply": "{\"n\": 1, \"ok\": 1.0}", "commandName": "insert", "databaseName": "store", "requestId": 26500, "operationId": 26500, "driverConnectionId": 1, "serverConnectionId": 119, "serverHost": "localhost", "serverPort": 27017}
2024-07-24 12:31:43,155 :: {"clientId": {"$oid": "66a1568fea637baa7d3b23c2"}, "message": "Connection checked in", "serverHost": "localhost", "serverPort": 27017, "driverConnectionId": 1}
2024-07-24 12:47:28,263 :: Connection to MongoDB Local
2024-07-24 12:47:28,268 :: {"clientId": {"$oid": "66a15a50c1676cbf36bcde6e"}, "message": "Connection pool created", "serverHost": "localhost", "serverPort": 27017}
2024-07-24 12:47:28,270 :: List of Database in MongoDB
2024-07-24 12:47:28,271 :: {"message": "Server selection started", "selector": "Primary()", "operation": "listDatabases", "topologyDescription": "<TopologyDescription id: 66a15a50c1676cbf36bcde6e, topology_type: Unknown, servers: [<ServerDescription ('localhost', 27017) server_type: Unknown, rtt: None>]>", "clientId": {"$oid": "66a15a50c1676cbf36bcde6e"}}
2024-07-24 12:47:28,271 :: {"message": "Waiting for suitable server to become available", "selector": "Primary()", "operation": "listDatabases", "topologyDescription": "<TopologyDescription id: 66a15a50c1676cbf36bcde6e, topology_type: Unknown, servers: [<ServerDescription ('localhost', 27017) server_type: Unknown, rtt: None>]>", "clientId": {"$oid": "66a15a50c1676cbf36bcde6e"}, "remainingTimeMS": 30}
2024-07-24 12:47:28,276 :: {"clientId": {"$oid": "66a15a50c1676cbf36bcde6e"}, "message": "Connection pool ready", "serverHost": "localhost", "serverPort": 27017}
2024-07-24 12:47:28,276 :: {"message": "Server selection succeeded", "selector": "Primary()", "operation": "listDatabases", "topologyDescription": "<TopologyDescription id: 66a15a50c1676cbf36bcde6e, topology_type: Single, servers: [<ServerDescription ('localhost', 27017) server_type: Standalone, rtt: 0.0>]>", "clientId": {"$oid": "66a15a50c1676cbf36bcde6e"}, "serverHost": "localhost", "serverPort": 27017}
2024-07-24 12:47:28,278 :: {"clientId": {"$oid": "66a15a50c1676cbf36bcde6e"}, "message": "Connection checkout started", "serverHost": "localhost", "serverPort": 27017}
2024-07-24 12:47:28,278 :: {"clientId": {"$oid": "66a15a50c1676cbf36bcde6e"}, "message": "Connection created", "serverHost": "localhost", "serverPort": 27017, "driverConnectionId": 1}
2024-07-24 12:47:28,280 :: {"clientId": {"$oid": "66a15a50c1676cbf36bcde6e"}, "message": "Connection ready", "serverHost": "localhost", "serverPort": 27017, "driverConnectionId": 1, "durationMS": 0.0}
2024-07-24 12:47:28,281 :: {"clientId": {"$oid": "66a15a50c1676cbf36bcde6e"}, "message": "Connection checked out", "serverHost": "localhost", "serverPort": 27017, "driverConnectionId": 1, "durationMS": 0.0}
2024-07-24 12:47:28,281 :: {"clientId": {"$oid": "66a15a50c1676cbf36bcde6e"}, "message": "Command started", "command": "{\"listDatabases\": 1, \"nameOnly\": true, \"lsid\": {\"id\": {\"$binary\": {\"base64\": \"p5NuszhnTUuRbl3PARq/9w==\", \"subType\": \"04\"}}}, \"$db\": \"admin\"}", "commandName": "listDatabases", "databaseName": "admin", "requestId": 18467, "operationId": 18467, "driverConnectionId": 1, "serverConnectionId": 128, "serverHost": "localhost", "serverPort": 27017}
2024-07-24 12:47:28,281 :: {"clientId": {"$oid": "66a15a50c1676cbf36bcde6e"}, "message": "Command succeeded", "durationMS": 0.0, "reply": "{\"databases\": [{\"name\": \"admin\"}, {\"name\": \"config\"}, {\"name\": \"local\"}, {\"name\": \"myfirstdb\"}, {\"name\": \"store\"}], \"ok\": 1.0}", "commandName": "listDatabases", "databaseName": "admin", "requestId": 18467, "operationId": 18467, "driverConnectionId": 1, "serverConnectionId": 128, "serverHost": "localhost", "serverPort": 27017}
2024-07-24 12:47:28,282 :: {"clientId": {"$oid": "66a15a50c1676cbf36bcde6e"}, "message": "Connection checked in", "serverHost": "localhost", "serverPort": 27017, "driverConnectionId": 1}
2024-07-24 12:47:28,282 :: Going to Store Database in MongoDB
2024-07-24 12:47:28,282 :: List of Collection in Store Database
2024-07-24 12:47:28,282 :: {"message": "Server selection started", "selector": "Primary()", "operation": "listCollections", "topologyDescription": "<TopologyDescription id: 66a15a50c1676cbf36bcde6e, topology_type: Single, servers: [<ServerDescription ('localhost', 27017) server_type: Standalone, rtt: 0.0>]>", "clientId": {"$oid": "66a15a50c1676cbf36bcde6e"}}
2024-07-24 12:47:28,282 :: {"message": "Server selection succeeded", "selector": "Primary()", "operation": "listCollections", "topologyDescription": "<TopologyDescription id: 66a15a50c1676cbf36bcde6e, topology_type: Single, servers: [<ServerDescription ('localhost', 27017) server_type: Standalone, rtt: 0.0>]>", "clientId": {"$oid": "66a15a50c1676cbf36bcde6e"}, "serverHost": "localhost", "serverPort": 27017}
2024-07-24 12:47:28,282 :: {"clientId": {"$oid": "66a15a50c1676cbf36bcde6e"}, "message": "Connection checkout started", "serverHost": "localhost", "serverPort": 27017}
2024-07-24 12:47:28,282 :: {"clientId": {"$oid": "66a15a50c1676cbf36bcde6e"}, "message": "Connection checked out", "serverHost": "localhost", "serverPort": 27017, "driverConnectionId": 1, "durationMS": 0.0}
2024-07-24 12:47:28,282 :: {"clientId": {"$oid": "66a15a50c1676cbf36bcde6e"}, "message": "Command started", "command": "{\"listCollections\": 1, \"nameOnly\": true, \"lsid\": {\"id\": {\"$binary\": {\"base64\": \"p5NuszhnTUuRbl3PARq/9w==\", \"subType\": \"04\"}}}, \"$db\": \"store\"}", "commandName": "listCollections", "databaseName": "store", "requestId": 6334, "operationId": 6334, "driverConnectionId": 1, "serverConnectionId": 128, "serverHost": "localhost", "serverPort": 27017}
2024-07-24 12:47:28,284 :: {"clientId": {"$oid": "66a15a50c1676cbf36bcde6e"}, "message": "Command succeeded", "durationMS": 1.011, "reply": "{\"cursor\": {\"ns\": \"store.$cmd.listCollections\", \"firstBatch\": [{\"name\": \"persons\", \"type\": \"collection\"}]}, \"ok\": 1.0}", "commandName": "listCollections", "databaseName": "store", "requestId": 6334, "operationId": 6334, "driverConnectionId": 1, "serverConnectionId": 128, "serverHost": "localhost", "serverPort": 27017}
2024-07-24 12:47:28,284 :: {"clientId": {"$oid": "66a15a50c1676cbf36bcde6e"}, "message": "Connection checked in", "serverHost": "localhost", "serverPort": 27017, "driverConnectionId": 1}
2024-07-24 12:47:28,284 :: Getting Persons Collection into Store Database
2024-07-24 12:47:28,284 :: Add a Person Collection into Persons Collection
2024-07-24 12:47:28,284 :: {"message": "Server selection started", "selector": "<function writable_server_selector at 0x000002C4CADABCE0>", "operation": "insert", "topologyDescription": "<TopologyDescription id: 66a15a50c1676cbf36bcde6e, topology_type: Single, servers: [<ServerDescription ('localhost', 27017) server_type: Standalone, rtt: 0.0>]>", "clientId": {"$oid": "66a15a50c1676cbf36bcde6e"}}
2024-07-24 12:47:28,284 :: {"message": "Server selection succeeded", "selector": "<function writable_server_selector at 0x000002C4CADABCE0>", "operation": "insert", "topologyDescription": "<TopologyDescription id: 66a15a50c1676cbf36bcde6e, topology_type: Single, servers: [<ServerDescription ('localhost', 27017) server_type: Standalone, rtt: 0.0>]>", "clientId": {"$oid": "66a15a50c1676cbf36bcde6e"}, "serverHost": "localhost", "serverPort": 27017}
2024-07-24 12:47:28,284 :: {"clientId": {"$oid": "66a15a50c1676cbf36bcde6e"}, "message": "Connection checkout started", "serverHost": "localhost", "serverPort": 27017}
2024-07-24 12:47:28,284 :: {"clientId": {"$oid": "66a15a50c1676cbf36bcde6e"}, "message": "Connection checked out", "serverHost": "localhost", "serverPort": 27017, "driverConnectionId": 1, "durationMS": 0.0}
2024-07-24 12:47:28,284 :: {"clientId": {"$oid": "66a15a50c1676cbf36bcde6e"}, "message": "Command started", "command": "{\"insert\": \"persons\", \"ordered\": true, \"lsid\": {\"id\": {\"$binary\": {\"base64\": \"p5NuszhnTUuRbl3PARq/9w==\", \"subType\": \"04\"}}}, \"$db\": \"store\", \"documents\": [{\"Name\": \"Oluwatobi Olukunle\", \"Age\": 28, \"_id\": {\"$oid\": \"66a15a50c1676cbf36bcde6f\"}}]}", "commandName": "insert", "databaseName": "store", "requestId": 26500, "operationId": 26500, "driverConnectionId": 1, "serverConnectionId": 128, "serverHost": "localhost", "serverPort": 27017}
2024-07-24 12:47:28,286 :: {"clientId": {"$oid": "66a15a50c1676cbf36bcde6e"}, "message": "Command succeeded", "durationMS": 2.002, "reply": "{\"n\": 1, \"ok\": 1.0}", "commandName": "insert", "databaseName": "store", "requestId": 26500, "operationId": 26500, "driverConnectionId": 1, "serverConnectionId": 128, "serverHost": "localhost", "serverPort": 27017}
2024-07-24 12:47:28,286 :: {"clientId": {"$oid": "66a15a50c1676cbf36bcde6e"}, "message": "Connection checked in", "serverHost": "localhost", "serverPort": 27017, "driverConnectionId": 1}
2024-07-24 13:02:30,349 :: Connection to MongoDB Local
2024-07-24 13:02:30,351 :: {"clientId": {"$oid": "66a15dd6428d775a68bbe81d"}, "message": "Connection pool created", "serverHost": "localhost", "serverPort": 27017}
2024-07-24 13:02:30,353 :: List of Database in MongoDB
2024-07-24 13:02:30,353 :: {"message": "Server selection started", "selector": "Primary()", "operation": "listDatabases", "topologyDescription": "<TopologyDescription id: 66a15dd6428d775a68bbe81d, topology_type: Unknown, servers: [<ServerDescription ('localhost', 27017) server_type: Unknown, rtt: None>]>", "clientId": {"$oid": "66a15dd6428d775a68bbe81d"}}
2024-07-24 13:02:30,353 :: {"message": "Waiting for suitable server to become available", "selector": "Primary()", "operation": "listDatabases", "topologyDescription": "<TopologyDescription id: 66a15dd6428d775a68bbe81d, topology_type: Unknown, servers: [<ServerDescription ('localhost', 27017) server_type: Unknown, rtt: None>]>", "clientId": {"$oid": "66a15dd6428d775a68bbe81d"}, "remainingTimeMS": 30}
2024-07-24 13:02:30,360 :: {"clientId": {"$oid": "66a15dd6428d775a68bbe81d"}, "message": "Connection pool ready", "serverHost": "localhost", "serverPort": 27017}
2024-07-24 13:02:30,361 :: {"message": "Server selection succeeded", "selector": "Primary()", "operation": "listDatabases", "topologyDescription": "<TopologyDescription id: 66a15dd6428d775a68bbe81d, topology_type: Single, servers: [<ServerDescription ('localhost', 27017) server_type: Standalone, rtt: 0.0>]>", "clientId": {"$oid": "66a15dd6428d775a68bbe81d"}, "serverHost": "localhost", "serverPort": 27017}
2024-07-24 13:02:30,361 :: {"clientId": {"$oid": "66a15dd6428d775a68bbe81d"}, "message": "Connection checkout started", "serverHost": "localhost", "serverPort": 27017}
2024-07-24 13:02:30,361 :: {"clientId": {"$oid": "66a15dd6428d775a68bbe81d"}, "message": "Connection created", "serverHost": "localhost", "serverPort": 27017, "driverConnectionId": 1}
2024-07-24 13:02:30,363 :: {"clientId": {"$oid": "66a15dd6428d775a68bbe81d"}, "message": "Connection ready", "serverHost": "localhost", "serverPort": 27017, "driverConnectionId": 1, "durationMS": 0.0}
2024-07-24 13:02:30,364 :: {"clientId": {"$oid": "66a15dd6428d775a68bbe81d"}, "message": "Connection checked out", "serverHost": "localhost", "serverPort": 27017, "driverConnectionId": 1, "durationMS": 0.0}
2024-07-24 13:02:30,364 :: {"clientId": {"$oid": "66a15dd6428d775a68bbe81d"}, "message": "Command started", "command": "{\"listDatabases\": 1, \"nameOnly\": true, \"lsid\": {\"id\": {\"$binary\": {\"base64\": \"5zJUOq4WQw+5YGMHuK72uA==\", \"subType\": \"04\"}}}, \"$db\": \"admin\"}", "commandName": "listDatabases", "databaseName": "admin", "requestId": 18467, "operationId": 18467, "driverConnectionId": 1, "serverConnectionId": 136, "serverHost": "localhost", "serverPort": 27017}
2024-07-24 13:02:30,365 :: {"clientId": {"$oid": "66a15dd6428d775a68bbe81d"}, "message": "Command succeeded", "durationMS": 1.042, "reply": "{\"databases\": [{\"name\": \"admin\"}, {\"name\": \"config\"}, {\"name\": \"local\"}, {\"name\": \"myfirstdb\"}, {\"name\": \"store\"}], \"ok\": 1.0}", "commandName": "listDatabases", "databaseName": "admin", "requestId": 18467, "operationId": 18467, "driverConnectionId": 1, "serverConnectionId": 136, "serverHost": "localhost", "serverPort": 27017}
2024-07-24 13:02:30,365 :: {"clientId": {"$oid": "66a15dd6428d775a68bbe81d"}, "message": "Connection checked in", "serverHost": "localhost", "serverPort": 27017, "driverConnectionId": 1}
2024-07-24 13:02:30,365 :: Going to Store Database in MongoDB
2024-07-24 13:02:30,365 :: List of Collection in Store Database
2024-07-24 13:02:30,365 :: {"message": "Server selection started", "selector": "Primary()", "operation": "listCollections", "topologyDescription": "<TopologyDescription id: 66a15dd6428d775a68bbe81d, topology_type: Single, servers: [<ServerDescription ('localhost', 27017) server_type: Standalone, rtt: 0.0>]>", "clientId": {"$oid": "66a15dd6428d775a68bbe81d"}}
2024-07-24 13:02:30,365 :: {"message": "Server selection succeeded", "selector": "Primary()", "operation": "listCollections", "topologyDescription": "<TopologyDescription id: 66a15dd6428d775a68bbe81d, topology_type: Single, servers: [<ServerDescription ('localhost', 27017) server_type: Standalone, rtt: 0.0>]>", "clientId": {"$oid": "66a15dd6428d775a68bbe81d"}, "serverHost": "localhost", "serverPort": 27017}
2024-07-24 13:02:30,366 :: {"clientId": {"$oid": "66a15dd6428d775a68bbe81d"}, "message": "Connection checkout started", "serverHost": "localhost", "serverPort": 27017}
2024-07-24 13:02:30,366 :: {"clientId": {"$oid": "66a15dd6428d775a68bbe81d"}, "message": "Connection checked out", "serverHost": "localhost", "serverPort": 27017, "driverConnectionId": 1, "durationMS": 0.0}
2024-07-24 13:02:30,366 :: {"clientId": {"$oid": "66a15dd6428d775a68bbe81d"}, "message": "Command started", "command": "{\"listCollections\": 1, \"nameOnly\": true, \"lsid\": {\"id\": {\"$binary\": {\"base64\": \"5zJUOq4WQw+5YGMHuK72uA==\", \"subType\": \"04\"}}}, \"$db\": \"store\"}", "commandName": "listCollections", "databaseName": "store", "requestId": 6334, "operationId": 6334, "driverConnectionId": 1, "serverConnectionId": 136, "serverHost": "localhost", "serverPort": 27017}
2024-07-24 13:02:30,367 :: {"clientId": {"$oid": "66a15dd6428d775a68bbe81d"}, "message": "Command succeeded", "durationMS": 0.998, "reply": "{\"cursor\": {\"ns\": \"store.$cmd.listCollections\", \"firstBatch\": [{\"name\": \"persons\", \"type\": \"collection\"}]}, \"ok\": 1.0}", "commandName": "listCollections", "databaseName": "store", "requestId": 6334, "operationId": 6334, "driverConnectionId": 1, "serverConnectionId": 136, "serverHost": "localhost", "serverPort": 27017}
2024-07-24 13:02:30,367 :: {"clientId": {"$oid": "66a15dd6428d775a68bbe81d"}, "message": "Connection checked in", "serverHost": "localhost", "serverPort": 27017, "driverConnectionId": 1}
2024-07-24 13:02:30,367 :: Getting Persons Collection into Store Database
2024-07-24 13:02:30,367 :: Create Items Collection into Store Database
2024-07-24 13:02:30,368 :: Create Accounts Collection into Store Database
